running develop
Removing /home/kdeguzma/Documents/group1_gp1/install/group1_gp1/lib/python3.12/site-packages/group1-gp1.egg-link (link to .)
running egg_info
writing build/group1_gp1/group1_gp1.egg-info/PKG-INFO
writing dependency_links to build/group1_gp1/group1_gp1.egg-info/dependency_links.txt
writing entry points to build/group1_gp1/group1_gp1.egg-info/entry_points.txt
writing requirements to build/group1_gp1/group1_gp1.egg-info/requires.txt
writing top-level names to build/group1_gp1/group1_gp1.egg-info/top_level.txt
reading manifest file 'build/group1_gp1/group1_gp1.egg-info/SOURCES.txt'
writing manifest file 'build/group1_gp1/group1_gp1.egg-info/SOURCES.txt'
running build
running build_py
creating /home/kdeguzma/Documents/group1_gp1/build/group1_gp1/build
creating /home/kdeguzma/Documents/group1_gp1/build/group1_gp1/build/lib
creating /home/kdeguzma/Documents/group1_gp1/build/group1_gp1/build/lib/group1_gp1
copying group1_gp1/debug_logger.py -> /home/kdeguzma/Documents/group1_gp1/build/group1_gp1/build/lib/group1_gp1
copying group1_gp1/robot_3.py -> /home/kdeguzma/Documents/group1_gp1/build/group1_gp1/build/lib/group1_gp1
copying group1_gp1/monitor.py -> /home/kdeguzma/Documents/group1_gp1/build/group1_gp1/build/lib/group1_gp1
copying group1_gp1/dispatcher.py -> /home/kdeguzma/Documents/group1_gp1/build/group1_gp1/build/lib/group1_gp1
copying group1_gp1/robot_1.py -> /home/kdeguzma/Documents/group1_gp1/build/group1_gp1/build/lib/group1_gp1
copying group1_gp1/__init__.py -> /home/kdeguzma/Documents/group1_gp1/build/group1_gp1/build/lib/group1_gp1
copying group1_gp1/robot_2.py -> /home/kdeguzma/Documents/group1_gp1/build/group1_gp1/build/lib/group1_gp1
creating /home/kdeguzma/Documents/group1_gp1/build/group1_gp1/build/lib/scripts
copying scripts/main_robot_3.py -> /home/kdeguzma/Documents/group1_gp1/build/group1_gp1/build/lib/scripts
copying scripts/main_robot_1.py -> /home/kdeguzma/Documents/group1_gp1/build/group1_gp1/build/lib/scripts
copying scripts/main_debug_logger.py -> /home/kdeguzma/Documents/group1_gp1/build/group1_gp1/build/lib/scripts
copying scripts/main_dispatcher.py -> /home/kdeguzma/Documents/group1_gp1/build/group1_gp1/build/lib/scripts
copying scripts/main_robot_2.py -> /home/kdeguzma/Documents/group1_gp1/build/group1_gp1/build/lib/scripts
copying scripts/main_monitor.py -> /home/kdeguzma/Documents/group1_gp1/build/group1_gp1/build/lib/scripts
copying scripts/__init__.py -> /home/kdeguzma/Documents/group1_gp1/build/group1_gp1/build/lib/scripts
running install
running install_lib
creating /home/kdeguzma/Documents/group1_gp1/install/group1_gp1/lib/python3.12/site-packages/group1_gp1
copying /home/kdeguzma/Documents/group1_gp1/build/group1_gp1/build/lib/group1_gp1/debug_logger.py -> /home/kdeguzma/Documents/group1_gp1/install/group1_gp1/lib/python3.12/site-packages/group1_gp1
copying /home/kdeguzma/Documents/group1_gp1/build/group1_gp1/build/lib/group1_gp1/robot_3.py -> /home/kdeguzma/Documents/group1_gp1/install/group1_gp1/lib/python3.12/site-packages/group1_gp1
copying /home/kdeguzma/Documents/group1_gp1/build/group1_gp1/build/lib/group1_gp1/monitor.py -> /home/kdeguzma/Documents/group1_gp1/install/group1_gp1/lib/python3.12/site-packages/group1_gp1
copying /home/kdeguzma/Documents/group1_gp1/build/group1_gp1/build/lib/group1_gp1/dispatcher.py -> /home/kdeguzma/Documents/group1_gp1/install/group1_gp1/lib/python3.12/site-packages/group1_gp1
copying /home/kdeguzma/Documents/group1_gp1/build/group1_gp1/build/lib/group1_gp1/robot_1.py -> /home/kdeguzma/Documents/group1_gp1/install/group1_gp1/lib/python3.12/site-packages/group1_gp1
copying /home/kdeguzma/Documents/group1_gp1/build/group1_gp1/build/lib/group1_gp1/__init__.py -> /home/kdeguzma/Documents/group1_gp1/install/group1_gp1/lib/python3.12/site-packages/group1_gp1
copying /home/kdeguzma/Documents/group1_gp1/build/group1_gp1/build/lib/group1_gp1/robot_2.py -> /home/kdeguzma/Documents/group1_gp1/install/group1_gp1/lib/python3.12/site-packages/group1_gp1
creating /home/kdeguzma/Documents/group1_gp1/install/group1_gp1/lib/python3.12/site-packages/scripts
copying /home/kdeguzma/Documents/group1_gp1/build/group1_gp1/build/lib/scripts/main_robot_3.py -> /home/kdeguzma/Documents/group1_gp1/install/group1_gp1/lib/python3.12/site-packages/scripts
copying /home/kdeguzma/Documents/group1_gp1/build/group1_gp1/build/lib/scripts/main_robot_1.py -> /home/kdeguzma/Documents/group1_gp1/install/group1_gp1/lib/python3.12/site-packages/scripts
copying /home/kdeguzma/Documents/group1_gp1/build/group1_gp1/build/lib/scripts/main_debug_logger.py -> /home/kdeguzma/Documents/group1_gp1/install/group1_gp1/lib/python3.12/site-packages/scripts
copying /home/kdeguzma/Documents/group1_gp1/build/group1_gp1/build/lib/scripts/main_dispatcher.py -> /home/kdeguzma/Documents/group1_gp1/install/group1_gp1/lib/python3.12/site-packages/scripts
copying /home/kdeguzma/Documents/group1_gp1/build/group1_gp1/build/lib/scripts/main_robot_2.py -> /home/kdeguzma/Documents/group1_gp1/install/group1_gp1/lib/python3.12/site-packages/scripts
copying /home/kdeguzma/Documents/group1_gp1/build/group1_gp1/build/lib/scripts/main_monitor.py -> /home/kdeguzma/Documents/group1_gp1/install/group1_gp1/lib/python3.12/site-packages/scripts
copying /home/kdeguzma/Documents/group1_gp1/build/group1_gp1/build/lib/scripts/__init__.py -> /home/kdeguzma/Documents/group1_gp1/install/group1_gp1/lib/python3.12/site-packages/scripts
byte-compiling /home/kdeguzma/Documents/group1_gp1/install/group1_gp1/lib/python3.12/site-packages/group1_gp1/debug_logger.py to debug_logger.cpython-312.pyc
byte-compiling /home/kdeguzma/Documents/group1_gp1/install/group1_gp1/lib/python3.12/site-packages/group1_gp1/robot_3.py to robot_3.cpython-312.pyc
byte-compiling /home/kdeguzma/Documents/group1_gp1/install/group1_gp1/lib/python3.12/site-packages/group1_gp1/monitor.py to monitor.cpython-312.pyc
byte-compiling /home/kdeguzma/Documents/group1_gp1/install/group1_gp1/lib/python3.12/site-packages/group1_gp1/dispatcher.py to dispatcher.cpython-312.pyc
byte-compiling /home/kdeguzma/Documents/group1_gp1/install/group1_gp1/lib/python3.12/site-packages/group1_gp1/robot_1.py to robot_1.cpython-312.pyc
byte-compiling /home/kdeguzma/Documents/group1_gp1/install/group1_gp1/lib/python3.12/site-packages/group1_gp1/__init__.py to __init__.cpython-312.pyc
byte-compiling /home/kdeguzma/Documents/group1_gp1/install/group1_gp1/lib/python3.12/site-packages/group1_gp1/robot_2.py to robot_2.cpython-312.pyc
byte-compiling /home/kdeguzma/Documents/group1_gp1/install/group1_gp1/lib/python3.12/site-packages/scripts/main_robot_3.py to main_robot_3.cpython-312.pyc
byte-compiling /home/kdeguzma/Documents/group1_gp1/install/group1_gp1/lib/python3.12/site-packages/scripts/main_robot_1.py to main_robot_1.cpython-312.pyc
byte-compiling /home/kdeguzma/Documents/group1_gp1/install/group1_gp1/lib/python3.12/site-packages/scripts/main_debug_logger.py to main_debug_logger.cpython-312.pyc
byte-compiling /home/kdeguzma/Documents/group1_gp1/install/group1_gp1/lib/python3.12/site-packages/scripts/main_dispatcher.py to main_dispatcher.cpython-312.pyc
byte-compiling /home/kdeguzma/Documents/group1_gp1/install/group1_gp1/lib/python3.12/site-packages/scripts/main_robot_2.py to main_robot_2.cpython-312.pyc
byte-compiling /home/kdeguzma/Documents/group1_gp1/install/group1_gp1/lib/python3.12/site-packages/scripts/main_monitor.py to main_monitor.cpython-312.pyc
byte-compiling /home/kdeguzma/Documents/group1_gp1/install/group1_gp1/lib/python3.12/site-packages/scripts/__init__.py to __init__.cpython-312.pyc
running install_data
copying resource/group1_gp1 -> /home/kdeguzma/Documents/group1_gp1/install/group1_gp1/share/ament_index/resource_index/packages
copying package.xml -> /home/kdeguzma/Documents/group1_gp1/install/group1_gp1/share/group1_gp1
copying launch/system.launch.py -> /home/kdeguzma/Documents/group1_gp1/install/group1_gp1/share/group1_gp1/launch
running install_egg_info
Copying build/group1_gp1/group1_gp1.egg-info to /home/kdeguzma/Documents/group1_gp1/install/group1_gp1/lib/python3.12/site-packages/group1_gp1-1.0.0-py3.12.egg-info
running install_scripts
Installing debug_logger script to /home/kdeguzma/Documents/group1_gp1/install/group1_gp1/lib/group1_gp1
Installing dispatcher script to /home/kdeguzma/Documents/group1_gp1/install/group1_gp1/lib/group1_gp1
Installing monitor script to /home/kdeguzma/Documents/group1_gp1/install/group1_gp1/lib/group1_gp1
Installing robot_1 script to /home/kdeguzma/Documents/group1_gp1/install/group1_gp1/lib/group1_gp1
Installing robot_2 script to /home/kdeguzma/Documents/group1_gp1/install/group1_gp1/lib/group1_gp1
Installing robot_3 script to /home/kdeguzma/Documents/group1_gp1/install/group1_gp1/lib/group1_gp1
writing list of installed files to '/home/kdeguzma/Documents/group1_gp1/build/group1_gp1/install.log'
