[0.154s] DEBUG:colcon:Command line arguments: ['/usr/bin/colcon', 'build', '--symlink-install']
[0.154s] DEBUG:colcon:Parsed command line arguments: Namespace(log_base=None, log_level=None, verb_name='build', build_base='build', install_base='install', merge_install=False, symlink_install=True, test_result_base=None, continue_on_error=False, executor='parallel', parallel_workers=4, event_handlers=None, ignore_user_meta=False, metas=['./colcon.meta'], base_paths=['.'], packages_ignore=None, packages_ignore_regex=None, paths=None, packages_up_to=None, packages_up_to_regex=None, packages_above=None, packages_above_and_dependencies=None, packages_above_depth=None, packages_select_by_dep=None, packages_skip_by_dep=None, packages_skip_up_to=None, packages_select_build_failed=False, packages_skip_build_finished=False, packages_select_test_failures=False, packages_skip_test_passed=False, packages_select=None, packages_skip=None, packages_select_regex=None, packages_skip_regex=None, packages_start=None, packages_end=None, allow_overriding=[], cmake_args=None, cmake_target=None, cmake_target_skip_unavailable=False, cmake_clean_cache=False, cmake_clean_first=False, cmake_force_configure=False, ament_cmake_args=None, catkin_cmake_args=None, catkin_skip_building_tests=False, mixin_files=None, mixin=None, verb_parser=<colcon_mixin.mixin.mixin_argument.MixinArgumentDecorator object at 0x77d805b8d340>, verb_extension=<colcon_core.verb.build.BuildVerb object at 0x77d805bd71d0>, main=<bound method BuildVerb.main of <colcon_core.verb.build.BuildVerb object at 0x77d805bd71d0>>, mixin_verb=('build',))
[0.196s] Level 1:colcon.colcon_core.package_discovery:discover_packages(colcon_meta) check parameters
[0.196s] Level 1:colcon.colcon_core.package_discovery:discover_packages(recursive) check parameters
[0.196s] Level 1:colcon.colcon_core.package_discovery:discover_packages(ignore) check parameters
[0.196s] Level 1:colcon.colcon_core.package_discovery:discover_packages(path) check parameters
[0.196s] Level 1:colcon.colcon_core.package_discovery:discover_packages(colcon_meta) discover
[0.196s] Level 1:colcon.colcon_core.package_discovery:discover_packages(recursive) discover
[0.196s] INFO:colcon.colcon_core.package_discovery:Crawling recursively for packages in '/home/kdeguzma/Documents/group1_gp1'
[0.196s] Level 1:colcon.colcon_core.package_identification:_identify(.) by extensions ['ignore', 'ignore_ament_install']
[0.196s] Level 1:colcon.colcon_core.package_identification:_identify(.) by extension 'ignore'
[0.196s] Level 1:colcon.colcon_core.package_identification:_identify(.) by extension 'ignore_ament_install'
[0.196s] Level 1:colcon.colcon_core.package_identification:_identify(.) by extensions ['colcon_pkg']
[0.196s] Level 1:colcon.colcon_core.package_identification:_identify(.) by extension 'colcon_pkg'
[0.197s] Level 1:colcon.colcon_core.package_identification:_identify(.) by extensions ['colcon_meta']
[0.197s] Level 1:colcon.colcon_core.package_identification:_identify(.) by extension 'colcon_meta'
[0.197s] Level 1:colcon.colcon_core.package_identification:_identify(.) by extensions ['ros']
[0.197s] Level 1:colcon.colcon_core.package_identification:_identify(.) by extension 'ros'
[0.222s] DEBUG:colcon.colcon_core.package_identification:Package '.' with type 'ros.ament_python' and name 'group1_gp1'
[0.222s] Level 1:colcon.colcon_core.package_discovery:discover_packages(recursive) using defaults
[0.222s] Level 1:colcon.colcon_core.package_discovery:discover_packages(ignore) discover
[0.222s] Level 1:colcon.colcon_core.package_discovery:discover_packages(ignore) using defaults
[0.222s] Level 1:colcon.colcon_core.package_discovery:discover_packages(path) discover
[0.222s] Level 1:colcon.colcon_core.package_discovery:discover_packages(path) using defaults
[0.239s] Level 1:colcon.colcon_core.package_discovery:discover_packages(prefix_path) check parameters
[0.239s] Level 1:colcon.colcon_core.package_discovery:discover_packages(prefix_path) discover
[0.242s] DEBUG:colcon.colcon_installed_package_information.package_discovery:Found 526 installed packages in /opt/ros/jazzy
[0.244s] DEBUG:colcon.colcon_installed_package_information.package_discovery:Found 3 installed packages in /opt/ros/galactic
[0.244s] Level 1:colcon.colcon_core.package_discovery:discover_packages(prefix_path) using defaults
[0.315s] Level 5:colcon.colcon_core.verb:set package 'group1_gp1' build argument 'cmake_args' from command line to 'None'
[0.315s] Level 5:colcon.colcon_core.verb:set package 'group1_gp1' build argument 'cmake_target' from command line to 'None'
[0.315s] Level 5:colcon.colcon_core.verb:set package 'group1_gp1' build argument 'cmake_target_skip_unavailable' from command line to 'False'
[0.315s] Level 5:colcon.colcon_core.verb:set package 'group1_gp1' build argument 'cmake_clean_cache' from command line to 'False'
[0.315s] Level 5:colcon.colcon_core.verb:set package 'group1_gp1' build argument 'cmake_clean_first' from command line to 'False'
[0.315s] Level 5:colcon.colcon_core.verb:set package 'group1_gp1' build argument 'cmake_force_configure' from command line to 'False'
[0.316s] Level 5:colcon.colcon_core.verb:set package 'group1_gp1' build argument 'ament_cmake_args' from command line to 'None'
[0.316s] Level 5:colcon.colcon_core.verb:set package 'group1_gp1' build argument 'catkin_cmake_args' from command line to 'None'
[0.316s] Level 5:colcon.colcon_core.verb:set package 'group1_gp1' build argument 'catkin_skip_building_tests' from command line to 'False'
[0.316s] DEBUG:colcon.colcon_core.verb:Building package 'group1_gp1' with the following arguments: {'ament_cmake_args': None, 'build_base': '/home/kdeguzma/Documents/group1_gp1/build/group1_gp1', 'catkin_cmake_args': None, 'catkin_skip_building_tests': False, 'cmake_args': None, 'cmake_clean_cache': False, 'cmake_clean_first': False, 'cmake_force_configure': False, 'cmake_target': None, 'cmake_target_skip_unavailable': False, 'install_base': '/home/kdeguzma/Documents/group1_gp1/install/group1_gp1', 'merge_install': False, 'path': '/home/kdeguzma/Documents/group1_gp1', 'symlink_install': True, 'test_result_base': None}
[0.316s] INFO:colcon.colcon_core.executor:Executing jobs using 'parallel' executor
[0.316s] DEBUG:colcon.colcon_parallel_executor.executor.parallel:run_until_complete
[0.316s] INFO:colcon.colcon_ros.task.ament_python.build:Building ROS package in '/home/kdeguzma/Documents/group1_gp1' with build type 'ament_python'
[0.317s] Level 1:colcon.colcon_core.shell:create_environment_hook('group1_gp1', 'ament_prefix_path')
[0.320s] INFO:colcon.colcon_core.plugin_system:Skipping extension 'colcon_core.shell.bat': Not used on non-Windows systems
[0.320s] INFO:colcon.colcon_core.shell:Creating environment hook '/home/kdeguzma/Documents/group1_gp1/install/group1_gp1/share/group1_gp1/hook/ament_prefix_path.ps1'
[0.321s] INFO:colcon.colcon_core.shell:Creating environment descriptor '/home/kdeguzma/Documents/group1_gp1/install/group1_gp1/share/group1_gp1/hook/ament_prefix_path.dsv'
[0.321s] INFO:colcon.colcon_core.shell:Creating environment hook '/home/kdeguzma/Documents/group1_gp1/install/group1_gp1/share/group1_gp1/hook/ament_prefix_path.sh'
[0.322s] INFO:colcon.colcon_core.shell:Skip shell extension 'powershell' for command environment: Not usable outside of PowerShell
[0.322s] DEBUG:colcon.colcon_core.shell:Skip shell extension 'dsv' for command environment
[0.560s] INFO:colcon.colcon_core.task.python.build:Building Python package in '/home/kdeguzma/Documents/group1_gp1'
[0.561s] INFO:colcon.colcon_core.shell:Skip shell extension 'powershell' for command environment: Not usable outside of PowerShell
[0.561s] DEBUG:colcon.colcon_core.shell:Skip shell extension 'dsv' for command environment
[1.279s] DEBUG:colcon.colcon_core.event_handler.log_command:Invoking command in '/home/kdeguzma/Documents/group1_gp1/build/group1_gp1': DEBUGINFOD_URLS=https://debuginfod.ubuntu.com PYTHONPATH=/home/kdeguzma/Documents/group1_gp1/build/group1_gp1/prefix_override:/usr/lib/python3/dist-packages/colcon_core/task/python/colcon_distutils_commands:/home/kdeguzma/Documents/group1_gp1/install/group1_gp1/lib/python3.12/site-packages:${PYTHONPATH} /usr/bin/python3 -W ignore:setup.py install is deprecated -W ignore:easy_install command is deprecated setup.py develop --editable --build-directory /home/kdeguzma/Documents/group1_gp1/build/group1_gp1/build --no-deps symlink_data
[2.074s] Level 1:colcon.colcon_core.shell:create_environment_hook('group1_gp1', 'pythonpath_develop')
[2.074s] DEBUG:colcon.colcon_core.event_handler.log_command:Invoked command in '/home/kdeguzma/Documents/group1_gp1/build/group1_gp1' returned '0': DEBUGINFOD_URLS=https://debuginfod.ubuntu.com PYTHONPATH=/home/kdeguzma/Documents/group1_gp1/build/group1_gp1/prefix_override:/usr/lib/python3/dist-packages/colcon_core/task/python/colcon_distutils_commands:/home/kdeguzma/Documents/group1_gp1/install/group1_gp1/lib/python3.12/site-packages:${PYTHONPATH} /usr/bin/python3 -W ignore:setup.py install is deprecated -W ignore:easy_install command is deprecated setup.py develop --editable --build-directory /home/kdeguzma/Documents/group1_gp1/build/group1_gp1/build --no-deps symlink_data
[2.074s] INFO:colcon.colcon_core.shell:Creating environment hook '/home/kdeguzma/Documents/group1_gp1/build/group1_gp1/share/group1_gp1/hook/pythonpath_develop.ps1'
[2.075s] INFO:colcon.colcon_core.shell:Creating environment descriptor '/home/kdeguzma/Documents/group1_gp1/build/group1_gp1/share/group1_gp1/hook/pythonpath_develop.dsv'
[2.075s] INFO:colcon.colcon_core.shell:Creating environment hook '/home/kdeguzma/Documents/group1_gp1/build/group1_gp1/share/group1_gp1/hook/pythonpath_develop.sh'
[2.079s] Level 1:colcon.colcon_core.environment:checking '/home/kdeguzma/Documents/group1_gp1/install/group1_gp1' for CMake module files
[2.079s] Level 1:colcon.colcon_core.environment:checking '/home/kdeguzma/Documents/group1_gp1/install/group1_gp1' for CMake config files
[2.080s] Level 1:colcon.colcon_core.environment:checking '/home/kdeguzma/Documents/group1_gp1/install/group1_gp1/lib'
[2.080s] Level 1:colcon.colcon_core.environment:checking '/home/kdeguzma/Documents/group1_gp1/install/group1_gp1/bin'
[2.080s] Level 1:colcon.colcon_core.environment:checking '/home/kdeguzma/Documents/group1_gp1/install/group1_gp1/lib/pkgconfig/group1_gp1.pc'
[2.080s] Level 1:colcon.colcon_core.environment:checking '/home/kdeguzma/Documents/group1_gp1/install/group1_gp1/lib/python3.12/site-packages'
[2.080s] Level 1:colcon.colcon_core.shell:create_environment_hook('group1_gp1', 'pythonpath')
[2.081s] INFO:colcon.colcon_core.shell:Creating environment hook '/home/kdeguzma/Documents/group1_gp1/install/group1_gp1/share/group1_gp1/hook/pythonpath.ps1'
[2.081s] INFO:colcon.colcon_core.shell:Creating environment descriptor '/home/kdeguzma/Documents/group1_gp1/install/group1_gp1/share/group1_gp1/hook/pythonpath.dsv'
[2.081s] INFO:colcon.colcon_core.shell:Creating environment hook '/home/kdeguzma/Documents/group1_gp1/install/group1_gp1/share/group1_gp1/hook/pythonpath.sh'
[2.082s] Level 1:colcon.colcon_core.environment:checking '/home/kdeguzma/Documents/group1_gp1/install/group1_gp1/bin'
[2.082s] Level 1:colcon.colcon_core.environment:create_environment_scripts_only(group1_gp1)
[2.082s] INFO:colcon.colcon_core.shell:Creating package script '/home/kdeguzma/Documents/group1_gp1/install/group1_gp1/share/group1_gp1/package.ps1'
[2.083s] INFO:colcon.colcon_core.shell:Creating package descriptor '/home/kdeguzma/Documents/group1_gp1/install/group1_gp1/share/group1_gp1/package.dsv'
[2.083s] INFO:colcon.colcon_core.shell:Creating package script '/home/kdeguzma/Documents/group1_gp1/install/group1_gp1/share/group1_gp1/package.sh'
[2.084s] INFO:colcon.colcon_core.shell:Creating package script '/home/kdeguzma/Documents/group1_gp1/install/group1_gp1/share/group1_gp1/package.bash'
[2.085s] INFO:colcon.colcon_core.shell:Creating package script '/home/kdeguzma/Documents/group1_gp1/install/group1_gp1/share/group1_gp1/package.zsh'
[2.085s] Level 1:colcon.colcon_core.environment:create_file_with_runtime_dependencies(/home/kdeguzma/Documents/group1_gp1/install/group1_gp1/share/colcon-core/packages/group1_gp1)
[2.086s] DEBUG:colcon.colcon_parallel_executor.executor.parallel:closing loop
[2.086s] DEBUG:colcon.colcon_parallel_executor.executor.parallel:loop closed
[2.086s] DEBUG:colcon.colcon_parallel_executor.executor.parallel:run_until_complete finished with '0'
[2.086s] DEBUG:colcon.colcon_core.event_reactor:joining thread
[2.113s] INFO:colcon.colcon_core.plugin_system:Skipping extension 'colcon_notification.desktop_notification.terminal_notifier': Not used on non-Darwin systems
[2.113s] INFO:colcon.colcon_core.plugin_system:Skipping extension 'colcon_notification.desktop_notification.win32': Not used on non-Windows systems
[2.113s] INFO:colcon.colcon_notification.desktop_notification:Sending desktop notification using 'notify2'
[2.125s] DEBUG:colcon.colcon_core.event_reactor:joined thread
[2.125s] INFO:colcon.colcon_core.shell:Creating prefix script '/home/kdeguzma/Documents/group1_gp1/install/local_setup.ps1'
[2.126s] INFO:colcon.colcon_core.shell:Creating prefix util module '/home/kdeguzma/Documents/group1_gp1/install/_local_setup_util_ps1.py'
[2.127s] INFO:colcon.colcon_core.shell:Creating prefix chain script '/home/kdeguzma/Documents/group1_gp1/install/setup.ps1'
[2.128s] INFO:colcon.colcon_core.shell:Creating prefix script '/home/kdeguzma/Documents/group1_gp1/install/local_setup.sh'
[2.129s] INFO:colcon.colcon_core.shell:Creating prefix util module '/home/kdeguzma/Documents/group1_gp1/install/_local_setup_util_sh.py'
[2.129s] INFO:colcon.colcon_core.shell:Creating prefix chain script '/home/kdeguzma/Documents/group1_gp1/install/setup.sh'
[2.130s] INFO:colcon.colcon_core.shell:Creating prefix script '/home/kdeguzma/Documents/group1_gp1/install/local_setup.bash'
[2.131s] INFO:colcon.colcon_core.shell:Creating prefix chain script '/home/kdeguzma/Documents/group1_gp1/install/setup.bash'
[2.131s] INFO:colcon.colcon_core.shell:Creating prefix script '/home/kdeguzma/Documents/group1_gp1/install/local_setup.zsh'
[2.132s] INFO:colcon.colcon_core.shell:Creating prefix chain script '/home/kdeguzma/Documents/group1_gp1/install/setup.zsh'
