running egg_info
writing build/group1_gp1/group1_gp1.egg-info/PKG-INFO
writing dependency_links to build/group1_gp1/group1_gp1.egg-info/dependency_links.txt
writing entry points to build/group1_gp1/group1_gp1.egg-info/entry_points.txt
writing requirements to build/group1_gp1/group1_gp1.egg-info/requires.txt
writing top-level names to build/group1_gp1/group1_gp1.egg-info/top_level.txt
reading manifest file 'build/group1_gp1/group1_gp1.egg-info/SOURCES.txt'
writing manifest file 'build/group1_gp1/group1_gp1.egg-info/SOURCES.txt'
running build
running build_py
copying group1_gp1/robot_3.py -> /home/kdeguzma/Documents/group1_gp1/build/group1_gp1/build/lib/group1_gp1
copying group1_gp1/robot_1.py -> /home/kdeguzma/Documents/group1_gp1/build/group1_gp1/build/lib/group1_gp1
copying group1_gp1/robot_2.py -> /home/kdeguzma/Documents/group1_gp1/build/group1_gp1/build/lib/group1_gp1
running install
running install_lib
copying /home/kdeguzma/Documents/group1_gp1/build/group1_gp1/build/lib/group1_gp1/robot_3.py -> /home/kdeguzma/Documents/group1_gp1/install/group1_gp1/lib/python3.12/site-packages/group1_gp1
copying /home/kdeguzma/Documents/group1_gp1/build/group1_gp1/build/lib/group1_gp1/robot_1.py -> /home/kdeguzma/Documents/group1_gp1/install/group1_gp1/lib/python3.12/site-packages/group1_gp1
copying /home/kdeguzma/Documents/group1_gp1/build/group1_gp1/build/lib/group1_gp1/robot_2.py -> /home/kdeguzma/Documents/group1_gp1/install/group1_gp1/lib/python3.12/site-packages/group1_gp1
byte-compiling /home/kdeguzma/Documents/group1_gp1/install/group1_gp1/lib/python3.12/site-packages/group1_gp1/robot_3.py to robot_3.cpython-312.pyc
byte-compiling /home/kdeguzma/Documents/group1_gp1/install/group1_gp1/lib/python3.12/site-packages/group1_gp1/robot_1.py to robot_1.cpython-312.pyc
byte-compiling /home/kdeguzma/Documents/group1_gp1/install/group1_gp1/lib/python3.12/site-packages/group1_gp1/robot_2.py to robot_2.cpython-312.pyc
running install_data
running install_egg_info
removing '/home/kdeguzma/Documents/group1_gp1/install/group1_gp1/lib/python3.12/site-packages/group1_gp1-1.0.0-py3.12.egg-info' (and everything under it)
Copying build/group1_gp1/group1_gp1.egg-info to /home/kdeguzma/Documents/group1_gp1/install/group1_gp1/lib/python3.12/site-packages/group1_gp1-1.0.0-py3.12.egg-info
running install_scripts
Installing debug_logger script to /home/kdeguzma/Documents/group1_gp1/install/group1_gp1/lib/group1_gp1
Installing dispatcher script to /home/kdeguzma/Documents/group1_gp1/install/group1_gp1/lib/group1_gp1
Installing monitor script to /home/kdeguzma/Documents/group1_gp1/install/group1_gp1/lib/group1_gp1
Installing robot_1 script to /home/kdeguzma/Documents/group1_gp1/install/group1_gp1/lib/group1_gp1
Installing robot_2 script to /home/kdeguzma/Documents/group1_gp1/install/group1_gp1/lib/group1_gp1
Installing robot_3 script to /home/kdeguzma/Documents/group1_gp1/install/group1_gp1/lib/group1_gp1
writing list of installed files to '/home/kdeguzma/Documents/group1_gp1/build/group1_gp1/install.log'
