[0.627s] DEBUG:colcon:Command line arguments: ['/usr/bin/colcon', 'build']
[0.627s] DEBUG:colcon:Parsed command line arguments: Namespace(log_base=None, log_level=None, verb_name='build', build_base='build', install_base='install', merge_install=False, symlink_install=False, test_result_base=None, continue_on_error=False, executor='parallel', parallel_workers=4, event_handlers=None, ignore_user_meta=False, metas=['./colcon.meta'], base_paths=['.'], packages_ignore=None, packages_ignore_regex=None, paths=None, packages_up_to=None, packages_up_to_regex=None, packages_above=None, packages_above_and_dependencies=None, packages_above_depth=None, packages_select_by_dep=None, packages_skip_by_dep=None, packages_skip_up_to=None, packages_select_build_failed=False, packages_skip_build_finished=False, packages_select_test_failures=False, packages_skip_test_passed=False, packages_select=None, packages_skip=None, packages_select_regex=None, packages_skip_regex=None, packages_start=None, packages_end=None, allow_overriding=[], cmake_args=None, cmake_target=None, cmake_target_skip_unavailable=False, cmake_clean_cache=False, cmake_clean_first=False, cmake_force_configure=False, ament_cmake_args=None, catkin_cmake_args=None, catkin_skip_building_tests=False, mixin_files=None, mixin=None, verb_parser=<colcon_mixin.mixin.mixin_argument.MixinArgumentDecorator object at 0x70f4b3a30200>, verb_extension=<colcon_core.verb.build.BuildVerb object at 0x70f4b3a21a60>, main=<bound method BuildVerb.main of <colcon_core.verb.build.BuildVerb object at 0x70f4b3a21a60>>, mixin_verb=('build',))
[0.822s] Level 1:colcon.colcon_core.package_discovery:discover_packages(colcon_meta) check parameters
[0.822s] Level 1:colcon.colcon_core.package_discovery:discover_packages(recursive) check parameters
[0.822s] Level 1:colcon.colcon_core.package_discovery:discover_packages(ignore) check parameters
[0.823s] Level 1:colcon.colcon_core.package_discovery:discover_packages(path) check parameters
[0.823s] Level 1:colcon.colcon_core.package_discovery:discover_packages(colcon_meta) discover
[0.823s] Level 1:colcon.colcon_core.package_discovery:discover_packages(recursive) discover
[0.823s] INFO:colcon.colcon_core.package_discovery:Crawling recursively for packages in '/home/kdeguzma/Documents/group1_gp1'
[0.823s] Level 1:colcon.colcon_core.package_identification:_identify(.) by extensions ['ignore', 'ignore_ament_install']
[0.823s] Level 1:colcon.colcon_core.package_identification:_identify(.) by extension 'ignore'
[0.823s] Level 1:colcon.colcon_core.package_identification:_identify(.) by extension 'ignore_ament_install'
[0.823s] Level 1:colcon.colcon_core.package_identification:_identify(.) by extensions ['colcon_pkg']
[0.823s] Level 1:colcon.colcon_core.package_identification:_identify(.) by extension 'colcon_pkg'
[0.823s] Level 1:colcon.colcon_core.package_identification:_identify(.) by extensions ['colcon_meta']
[0.823s] Level 1:colcon.colcon_core.package_identification:_identify(.) by extension 'colcon_meta'
[0.823s] Level 1:colcon.colcon_core.package_identification:_identify(.) by extensions ['ros']
[0.823s] Level 1:colcon.colcon_core.package_identification:_identify(.) by extension 'ros'
[0.945s] DEBUG:colcon.colcon_core.package_identification:Package '.' with type 'ros.ament_python' and name 'group1_gp1'
[0.945s] Level 1:colcon.colcon_core.package_discovery:discover_packages(recursive) using defaults
[0.945s] Level 1:colcon.colcon_core.package_discovery:discover_packages(ignore) discover
[0.946s] Level 1:colcon.colcon_core.package_discovery:discover_packages(ignore) using defaults
[0.946s] Level 1:colcon.colcon_core.package_discovery:discover_packages(path) discover
[0.946s] Level 1:colcon.colcon_core.package_discovery:discover_packages(path) using defaults
[1.097s] Level 1:colcon.colcon_core.package_discovery:discover_packages(prefix_path) check parameters
[1.097s] Level 1:colcon.colcon_core.package_discovery:discover_packages(prefix_path) discover
[1.112s] DEBUG:colcon.colcon_installed_package_information.package_discovery:Found 1 installed packages in /home/kdeguzma/Documents/group1_gp1/install
[1.115s] DEBUG:colcon.colcon_installed_package_information.package_discovery:Found 526 installed packages in /opt/ros/jazzy
[1.116s] DEBUG:colcon.colcon_installed_package_information.package_discovery:Found 3 installed packages in /opt/ros/galactic
[1.116s] Level 1:colcon.colcon_core.package_discovery:discover_packages(prefix_path) using defaults
[1.200s] Level 5:colcon.colcon_core.verb:set package 'group1_gp1' build argument 'cmake_args' from command line to 'None'
[1.201s] Level 5:colcon.colcon_core.verb:set package 'group1_gp1' build argument 'cmake_target' from command line to 'None'
[1.201s] Level 5:colcon.colcon_core.verb:set package 'group1_gp1' build argument 'cmake_target_skip_unavailable' from command line to 'False'
[1.201s] Level 5:colcon.colcon_core.verb:set package 'group1_gp1' build argument 'cmake_clean_cache' from command line to 'False'
[1.201s] Level 5:colcon.colcon_core.verb:set package 'group1_gp1' build argument 'cmake_clean_first' from command line to 'False'
[1.201s] Level 5:colcon.colcon_core.verb:set package 'group1_gp1' build argument 'cmake_force_configure' from command line to 'False'
[1.201s] Level 5:colcon.colcon_core.verb:set package 'group1_gp1' build argument 'ament_cmake_args' from command line to 'None'
[1.201s] Level 5:colcon.colcon_core.verb:set package 'group1_gp1' build argument 'catkin_cmake_args' from command line to 'None'
[1.201s] Level 5:colcon.colcon_core.verb:set package 'group1_gp1' build argument 'catkin_skip_building_tests' from command line to 'False'
[1.201s] DEBUG:colcon.colcon_core.verb:Building package 'group1_gp1' with the following arguments: {'ament_cmake_args': None, 'build_base': '/home/kdeguzma/Documents/group1_gp1/build/group1_gp1', 'catkin_cmake_args': None, 'catkin_skip_building_tests': False, 'cmake_args': None, 'cmake_clean_cache': False, 'cmake_clean_first': False, 'cmake_force_configure': False, 'cmake_target': None, 'cmake_target_skip_unavailable': False, 'install_base': '/home/kdeguzma/Documents/group1_gp1/install/group1_gp1', 'merge_install': False, 'path': '/home/kdeguzma/Documents/group1_gp1', 'symlink_install': False, 'test_result_base': None}
[1.201s] INFO:colcon.colcon_core.executor:Executing jobs using 'parallel' executor
[1.202s] DEBUG:colcon.colcon_parallel_executor.executor.parallel:run_until_complete
[1.202s] INFO:colcon.colcon_ros.task.ament_python.build:Building ROS package in '/home/kdeguzma/Documents/group1_gp1' with build type 'ament_python'
[1.202s] Level 1:colcon.colcon_core.shell:create_environment_hook('group1_gp1', 'ament_prefix_path')
[1.232s] INFO:colcon.colcon_core.plugin_system:Skipping extension 'colcon_core.shell.bat': Not used on non-Windows systems
[1.233s] INFO:colcon.colcon_core.shell:Creating environment hook '/home/kdeguzma/Documents/group1_gp1/install/group1_gp1/share/group1_gp1/hook/ament_prefix_path.ps1'
[1.246s] INFO:colcon.colcon_core.shell:Creating environment descriptor '/home/kdeguzma/Documents/group1_gp1/install/group1_gp1/share/group1_gp1/hook/ament_prefix_path.dsv'
[1.263s] INFO:colcon.colcon_core.shell:Creating environment hook '/home/kdeguzma/Documents/group1_gp1/install/group1_gp1/share/group1_gp1/hook/ament_prefix_path.sh'
[1.264s] INFO:colcon.colcon_core.shell:Skip shell extension 'powershell' for command environment: Not usable outside of PowerShell
[1.264s] DEBUG:colcon.colcon_core.shell:Skip shell extension 'dsv' for command environment
[1.566s] INFO:colcon.colcon_core.task.python.build:Building Python package in '/home/kdeguzma/Documents/group1_gp1'
[1.567s] INFO:colcon.colcon_core.shell:Skip shell extension 'powershell' for command environment: Not usable outside of PowerShell
[1.567s] DEBUG:colcon.colcon_core.shell:Skip shell extension 'dsv' for command environment
[8.109s] DEBUG:colcon.colcon_core.event_handler.log_command:Invoking command in '/home/kdeguzma/Documents/group1_gp1/build/group1_gp1': DEBUGINFOD_URLS=https://debuginfod.ubuntu.com PYTHONPATH=/home/kdeguzma/Documents/group1_gp1/build/group1_gp1/prefix_override:/usr/lib/python3/dist-packages/colcon_core/task/python/colcon_distutils_commands:/home/kdeguzma/Documents/group1_gp1/install/group1_gp1/lib/python3.12/site-packages:${PYTHONPATH} /usr/bin/python3 -W ignore:setup.py install is deprecated -W ignore:easy_install command is deprecated setup.py develop --uninstall --editable --build-directory /home/kdeguzma/Documents/group1_gp1/build/group1_gp1/build
[8.798s] DEBUG:colcon.colcon_core.event_handler.log_command:Invoked command in '/home/kdeguzma/Documents/group1_gp1/build/group1_gp1' returned '0': DEBUGINFOD_URLS=https://debuginfod.ubuntu.com PYTHONPATH=/home/kdeguzma/Documents/group1_gp1/build/group1_gp1/prefix_override:/usr/lib/python3/dist-packages/colcon_core/task/python/colcon_distutils_commands:/home/kdeguzma/Documents/group1_gp1/install/group1_gp1/lib/python3.12/site-packages:${PYTHONPATH} /usr/bin/python3 -W ignore:setup.py install is deprecated -W ignore:easy_install command is deprecated setup.py develop --uninstall --editable --build-directory /home/kdeguzma/Documents/group1_gp1/build/group1_gp1/build
[8.800s] DEBUG:colcon.colcon_core.event_handler.log_command:Invoking command in '/home/kdeguzma/Documents/group1_gp1': DEBUGINFOD_URLS=https://debuginfod.ubuntu.com PYTHONPATH=/home/kdeguzma/Documents/group1_gp1/build/group1_gp1/prefix_override:/usr/lib/python3/dist-packages/colcon_core/task/python/colcon_distutils_commands:/home/kdeguzma/Documents/group1_gp1/install/group1_gp1/lib/python3.12/site-packages:${PYTHONPATH} /usr/bin/python3 -W ignore:setup.py install is deprecated -W ignore:easy_install command is deprecated setup.py egg_info --egg-base build/group1_gp1 build --build-base /home/kdeguzma/Documents/group1_gp1/build/group1_gp1/build install --record /home/kdeguzma/Documents/group1_gp1/build/group1_gp1/install.log --single-version-externally-managed install_data --force
[9.502s] DEBUG:colcon.colcon_core.event_handler.log_command:Invoked command in '/home/kdeguzma/Documents/group1_gp1' returned '0': DEBUGINFOD_URLS=https://debuginfod.ubuntu.com PYTHONPATH=/home/kdeguzma/Documents/group1_gp1/build/group1_gp1/prefix_override:/usr/lib/python3/dist-packages/colcon_core/task/python/colcon_distutils_commands:/home/kdeguzma/Documents/group1_gp1/install/group1_gp1/lib/python3.12/site-packages:${PYTHONPATH} /usr/bin/python3 -W ignore:setup.py install is deprecated -W ignore:easy_install command is deprecated setup.py egg_info --egg-base build/group1_gp1 build --build-base /home/kdeguzma/Documents/group1_gp1/build/group1_gp1/build install --record /home/kdeguzma/Documents/group1_gp1/build/group1_gp1/install.log --single-version-externally-managed install_data --force
[9.557s] Level 1:colcon.colcon_core.environment:checking '/home/kdeguzma/Documents/group1_gp1/install/group1_gp1' for CMake module files
[9.559s] Level 1:colcon.colcon_core.environment:checking '/home/kdeguzma/Documents/group1_gp1/install/group1_gp1' for CMake config files
[9.560s] Level 1:colcon.colcon_core.environment:checking '/home/kdeguzma/Documents/group1_gp1/install/group1_gp1/lib'
[9.561s] Level 1:colcon.colcon_core.environment:checking '/home/kdeguzma/Documents/group1_gp1/install/group1_gp1/bin'
[9.561s] Level 1:colcon.colcon_core.environment:checking '/home/kdeguzma/Documents/group1_gp1/install/group1_gp1/lib/pkgconfig/group1_gp1.pc'
[9.562s] Level 1:colcon.colcon_core.environment:checking '/home/kdeguzma/Documents/group1_gp1/install/group1_gp1/lib/python3.12/site-packages'
[9.562s] Level 1:colcon.colcon_core.shell:create_environment_hook('group1_gp1', 'pythonpath')
[9.563s] INFO:colcon.colcon_core.shell:Creating environment hook '/home/kdeguzma/Documents/group1_gp1/install/group1_gp1/share/group1_gp1/hook/pythonpath.ps1'
[9.564s] INFO:colcon.colcon_core.shell:Creating environment descriptor '/home/kdeguzma/Documents/group1_gp1/install/group1_gp1/share/group1_gp1/hook/pythonpath.dsv'
[9.564s] INFO:colcon.colcon_core.shell:Creating environment hook '/home/kdeguzma/Documents/group1_gp1/install/group1_gp1/share/group1_gp1/hook/pythonpath.sh'
[9.565s] Level 1:colcon.colcon_core.environment:checking '/home/kdeguzma/Documents/group1_gp1/install/group1_gp1/bin'
[9.565s] Level 1:colcon.colcon_core.environment:create_environment_scripts_only(group1_gp1)
[9.565s] INFO:colcon.colcon_core.shell:Creating package script '/home/kdeguzma/Documents/group1_gp1/install/group1_gp1/share/group1_gp1/package.ps1'
[9.582s] INFO:colcon.colcon_core.shell:Creating package descriptor '/home/kdeguzma/Documents/group1_gp1/install/group1_gp1/share/group1_gp1/package.dsv'
[9.597s] INFO:colcon.colcon_core.shell:Creating package script '/home/kdeguzma/Documents/group1_gp1/install/group1_gp1/share/group1_gp1/package.sh'
[9.602s] INFO:colcon.colcon_core.shell:Creating package script '/home/kdeguzma/Documents/group1_gp1/install/group1_gp1/share/group1_gp1/package.bash'
[9.615s] INFO:colcon.colcon_core.shell:Creating package script '/home/kdeguzma/Documents/group1_gp1/install/group1_gp1/share/group1_gp1/package.zsh'
[9.630s] Level 1:colcon.colcon_core.environment:create_file_with_runtime_dependencies(/home/kdeguzma/Documents/group1_gp1/install/group1_gp1/share/colcon-core/packages/group1_gp1)
[9.632s] DEBUG:colcon.colcon_parallel_executor.executor.parallel:closing loop
[9.633s] DEBUG:colcon.colcon_parallel_executor.executor.parallel:loop closed
[9.633s] DEBUG:colcon.colcon_parallel_executor.executor.parallel:run_until_complete finished with '0'
[9.633s] DEBUG:colcon.colcon_core.event_reactor:joining thread
[9.777s] INFO:colcon.colcon_core.plugin_system:Skipping extension 'colcon_notification.desktop_notification.terminal_notifier': Not used on non-Darwin systems
[9.777s] INFO:colcon.colcon_core.plugin_system:Skipping extension 'colcon_notification.desktop_notification.win32': Not used on non-Windows systems
[9.777s] INFO:colcon.colcon_notification.desktop_notification:Sending desktop notification using 'notify2'
[9.821s] DEBUG:colcon.colcon_core.event_reactor:joined thread
[9.821s] INFO:colcon.colcon_core.shell:Creating prefix script '/home/kdeguzma/Documents/group1_gp1/install/local_setup.ps1'
[9.824s] INFO:colcon.colcon_core.shell:Creating prefix util module '/home/kdeguzma/Documents/group1_gp1/install/_local_setup_util_ps1.py'
[9.827s] INFO:colcon.colcon_core.shell:Creating prefix chain script '/home/kdeguzma/Documents/group1_gp1/install/setup.ps1'
[9.829s] INFO:colcon.colcon_core.shell:Creating prefix script '/home/kdeguzma/Documents/group1_gp1/install/local_setup.sh'
[9.830s] INFO:colcon.colcon_core.shell:Creating prefix util module '/home/kdeguzma/Documents/group1_gp1/install/_local_setup_util_sh.py'
[9.831s] INFO:colcon.colcon_core.shell:Creating prefix chain script '/home/kdeguzma/Documents/group1_gp1/install/setup.sh'
[9.832s] INFO:colcon.colcon_core.shell:Creating prefix script '/home/kdeguzma/Documents/group1_gp1/install/local_setup.bash'
[9.833s] INFO:colcon.colcon_core.shell:Creating prefix chain script '/home/kdeguzma/Documents/group1_gp1/install/setup.bash'
[9.834s] INFO:colcon.colcon_core.shell:Creating prefix script '/home/kdeguzma/Documents/group1_gp1/install/local_setup.zsh'
[9.835s] INFO:colcon.colcon_core.shell:Creating prefix chain script '/home/kdeguzma/Documents/group1_gp1/install/setup.zsh'
