running develop
running egg_info
creating group1_gp1.egg-info
writing group1_gp1.egg-info/PKG-INFO
writing dependency_links to group1_gp1.egg-info/dependency_links.txt
writing entry points to group1_gp1.egg-info/entry_points.txt
writing requirements to group1_gp1.egg-info/requires.txt
writing top-level names to group1_gp1.egg-info/top_level.txt
writing manifest file 'group1_gp1.egg-info/SOURCES.txt'
reading manifest file 'group1_gp1.egg-info/SOURCES.txt'
writing manifest file 'group1_gp1.egg-info/SOURCES.txt'
running build_ext
Creating /home/kdeguzma/Documents/group1_gp1/install/group1_gp1/lib/python3.12/site-packages/group1-gp1.egg-link (link to .)
Installing debug_logger script to /home/kdeguzma/Documents/group1_gp1/install/group1_gp1/lib/group1_gp1
Installing dispatcher script to /home/kdeguzma/Documents/group1_gp1/install/group1_gp1/lib/group1_gp1
Installing monitor script to /home/kdeguzma/Documents/group1_gp1/install/group1_gp1/lib/group1_gp1
Installing robot_1 script to /home/kdeguzma/Documents/group1_gp1/install/group1_gp1/lib/group1_gp1
Installing robot_2 script to /home/kdeguzma/Documents/group1_gp1/install/group1_gp1/lib/group1_gp1
Installing robot_3 script to /home/kdeguzma/Documents/group1_gp1/install/group1_gp1/lib/group1_gp1

Installed /home/kdeguzma/Documents/group1_gp1/build/group1_gp1
running symlink_data
creating /home/kdeguzma/Documents/group1_gp1/install/group1_gp1/share/ament_index
creating /home/kdeguzma/Documents/group1_gp1/install/group1_gp1/share/ament_index/resource_index
creating /home/kdeguzma/Documents/group1_gp1/install/group1_gp1/share/ament_index/resource_index/packages
symbolically linking /home/kdeguzma/Documents/group1_gp1/build/group1_gp1/resource/group1_gp1 -> /home/kdeguzma/Documents/group1_gp1/install/group1_gp1/share/ament_index/resource_index/packages
symbolically linking /home/kdeguzma/Documents/group1_gp1/build/group1_gp1/package.xml -> /home/kdeguzma/Documents/group1_gp1/install/group1_gp1/share/group1_gp1
creating /home/kdeguzma/Documents/group1_gp1/install/group1_gp1/share/group1_gp1/launch
symbolically linking /home/kdeguzma/Documents/group1_gp1/build/group1_gp1/launch/system.launch.py -> /home/kdeguzma/Documents/group1_gp1/install/group1_gp1/share/group1_gp1/launch
