[0.962s] Invoking command in '/home/kdeguzma/Documents/group1_gp1/build/group1_gp1': DEBUGINFOD_URLS=https://debuginfod.ubuntu.com PYTHONPATH=/home/kdeguzma/Documents/group1_gp1/build/group1_gp1/prefix_override:/usr/lib/python3/dist-packages/colcon_core/task/python/colcon_distutils_commands:/home/kdeguzma/Documents/group1_gp1/install/group1_gp1/lib/python3.12/site-packages:${PYTHONPATH} /usr/bin/python3 -W ignore:setup.py install is deprecated -W ignore:easy_install command is deprecated setup.py develop --editable --build-directory /home/kdeguzma/Documents/group1_gp1/build/group1_gp1/build --no-deps symlink_data
[1.347s] running develop
[1.614s] running egg_info
[1.614s] creating group1_gp1.egg-info
[1.640s] writing group1_gp1.egg-info/PKG-INFO
[1.640s] writing dependency_links to group1_gp1.egg-info/dependency_links.txt
[1.640s] writing entry points to group1_gp1.egg-info/entry_points.txt
[1.640s] writing requirements to group1_gp1.egg-info/requires.txt
[1.640s] writing top-level names to group1_gp1.egg-info/top_level.txt
[1.640s] writing manifest file 'group1_gp1.egg-info/SOURCES.txt'
[1.694s] reading manifest file 'group1_gp1.egg-info/SOURCES.txt'
[1.694s] writing manifest file 'group1_gp1.egg-info/SOURCES.txt'
[1.723s] running build_ext
[1.723s] Creating /home/kdeguzma/Documents/group1_gp1/install/group1_gp1/lib/python3.12/site-packages/group1-gp1.egg-link (link to .)
[1.723s] Installing debug_logger script to /home/kdeguzma/Documents/group1_gp1/install/group1_gp1/lib/group1_gp1
[1.724s] Installing dispatcher script to /home/kdeguzma/Documents/group1_gp1/install/group1_gp1/lib/group1_gp1
[1.724s] Installing monitor script to /home/kdeguzma/Documents/group1_gp1/install/group1_gp1/lib/group1_gp1
[1.724s] Installing robot_1 script to /home/kdeguzma/Documents/group1_gp1/install/group1_gp1/lib/group1_gp1
[1.724s] Installing robot_2 script to /home/kdeguzma/Documents/group1_gp1/install/group1_gp1/lib/group1_gp1
[1.724s] Installing robot_3 script to /home/kdeguzma/Documents/group1_gp1/install/group1_gp1/lib/group1_gp1
[1.724s] 
[1.724s] Installed /home/kdeguzma/Documents/group1_gp1/build/group1_gp1
[1.724s] running symlink_data
[1.725s] creating /home/kdeguzma/Documents/group1_gp1/install/group1_gp1/share/ament_index
[1.725s] creating /home/kdeguzma/Documents/group1_gp1/install/group1_gp1/share/ament_index/resource_index
[1.725s] creating /home/kdeguzma/Documents/group1_gp1/install/group1_gp1/share/ament_index/resource_index/packages
[1.725s] symbolically linking /home/kdeguzma/Documents/group1_gp1/build/group1_gp1/resource/group1_gp1 -> /home/kdeguzma/Documents/group1_gp1/install/group1_gp1/share/ament_index/resource_index/packages
[1.725s] symbolically linking /home/kdeguzma/Documents/group1_gp1/build/group1_gp1/package.xml -> /home/kdeguzma/Documents/group1_gp1/install/group1_gp1/share/group1_gp1
[1.725s] creating /home/kdeguzma/Documents/group1_gp1/install/group1_gp1/share/group1_gp1/launch
[1.725s] symbolically linking /home/kdeguzma/Documents/group1_gp1/build/group1_gp1/launch/system.launch.py -> /home/kdeguzma/Documents/group1_gp1/install/group1_gp1/share/group1_gp1/launch
[1.757s] Invoked command in '/home/kdeguzma/Documents/group1_gp1/build/group1_gp1' returned '0': DEBUGINFOD_URLS=https://debuginfod.ubuntu.com PYTHONPATH=/home/kdeguzma/Documents/group1_gp1/build/group1_gp1/prefix_override:/usr/lib/python3/dist-packages/colcon_core/task/python/colcon_distutils_commands:/home/kdeguzma/Documents/group1_gp1/install/group1_gp1/lib/python3.12/site-packages:${PYTHONPATH} /usr/bin/python3 -W ignore:setup.py install is deprecated -W ignore:easy_install command is deprecated setup.py develop --editable --build-directory /home/kdeguzma/Documents/group1_gp1/build/group1_gp1/build --no-deps symlink_data
