[1.851s] DEBUG:colcon:Command line arguments: ['/usr/bin/colcon', 'build']
[1.851s] DEBUG:colcon:Parsed command line arguments: Namespace(log_base=None, log_level=None, verb_name='build', build_base='build', install_base='install', merge_install=False, symlink_install=False, test_result_base=None, continue_on_error=False, executor='parallel', parallel_workers=4, event_handlers=None, ignore_user_meta=False, metas=['./colcon.meta'], base_paths=['.'], packages_ignore=None, packages_ignore_regex=None, paths=None, packages_up_to=None, packages_up_to_regex=None, packages_above=None, packages_above_and_dependencies=None, packages_above_depth=None, packages_select_by_dep=None, packages_skip_by_dep=None, packages_skip_up_to=None, packages_select_build_failed=False, packages_skip_build_finished=False, packages_select_test_failures=False, packages_skip_test_passed=False, packages_select=None, packages_skip=None, packages_select_regex=None, packages_skip_regex=None, packages_start=None, packages_end=None, allow_overriding=[], cmake_args=None, cmake_target=None, cmake_target_skip_unavailable=False, cmake_clean_cache=False, cmake_clean_first=False, cmake_force_configure=False, ament_cmake_args=None, catkin_cmake_args=None, catkin_skip_building_tests=False, mixin_files=None, mixin=None, verb_parser=<colcon_mixin.mixin.mixin_argument.MixinArgumentDecorator object at 0x7cc7894c61b0>, verb_extension=<colcon_core.verb.build.BuildVerb object at 0x7cc7894c1a60>, main=<bound method BuildVerb.main of <colcon_core.verb.build.BuildVerb object at 0x7cc7894c1a60>>, mixin_verb=('build',))
[1.899s] Level 1:colcon.colcon_core.package_discovery:discover_packages(colcon_meta) check parameters
[1.899s] Level 1:colcon.colcon_core.package_discovery:discover_packages(recursive) check parameters
[1.899s] Level 1:colcon.colcon_core.package_discovery:discover_packages(ignore) check parameters
[1.899s] Level 1:colcon.colcon_core.package_discovery:discover_packages(path) check parameters
[1.899s] Level 1:colcon.colcon_core.package_discovery:discover_packages(colcon_meta) discover
[1.899s] Level 1:colcon.colcon_core.package_discovery:discover_packages(recursive) discover
[1.899s] INFO:colcon.colcon_core.package_discovery:Crawling recursively for packages in '/home/kdeguzma/Documents/group1_gp1'
[1.899s] Level 1:colcon.colcon_core.package_identification:_identify(.) by extensions ['ignore', 'ignore_ament_install']
[1.900s] Level 1:colcon.colcon_core.package_identification:_identify(.) by extension 'ignore'
[1.900s] Level 1:colcon.colcon_core.package_identification:_identify(.) by extension 'ignore_ament_install'
[1.900s] Level 1:colcon.colcon_core.package_identification:_identify(.) by extensions ['colcon_pkg']
[1.900s] Level 1:colcon.colcon_core.package_identification:_identify(.) by extension 'colcon_pkg'
[1.900s] Level 1:colcon.colcon_core.package_identification:_identify(.) by extensions ['colcon_meta']
[1.900s] Level 1:colcon.colcon_core.package_identification:_identify(.) by extension 'colcon_meta'
[1.900s] Level 1:colcon.colcon_core.package_identification:_identify(.) by extensions ['ros']
[1.900s] Level 1:colcon.colcon_core.package_identification:_identify(.) by extension 'ros'
[1.926s] DEBUG:colcon.colcon_core.package_identification:Package '.' with type 'ros.ament_python' and name 'group1_gp1'
[1.926s] Level 1:colcon.colcon_core.package_discovery:discover_packages(recursive) using defaults
[1.926s] Level 1:colcon.colcon_core.package_discovery:discover_packages(ignore) discover
[1.926s] Level 1:colcon.colcon_core.package_discovery:discover_packages(ignore) using defaults
[1.926s] Level 1:colcon.colcon_core.package_discovery:discover_packages(path) discover
[1.926s] Level 1:colcon.colcon_core.package_discovery:discover_packages(path) using defaults
[1.944s] Level 1:colcon.colcon_core.package_discovery:discover_packages(prefix_path) check parameters
[1.944s] Level 1:colcon.colcon_core.package_discovery:discover_packages(prefix_path) discover
[1.957s] DEBUG:colcon.colcon_installed_package_information.package_discovery:Found 1 installed packages in /home/kdeguzma/Documents/group1_gp1/install
[1.977s] DEBUG:colcon.colcon_installed_package_information.package_discovery:Found 526 installed packages in /opt/ros/jazzy
[1.992s] DEBUG:colcon.colcon_installed_package_information.package_discovery:Found 3 installed packages in /opt/ros/galactic
[1.993s] Level 1:colcon.colcon_core.package_discovery:discover_packages(prefix_path) using defaults
[5.962s] Level 5:colcon.colcon_core.verb:set package 'group1_gp1' build argument 'cmake_args' from command line to 'None'
[5.962s] Level 5:colcon.colcon_core.verb:set package 'group1_gp1' build argument 'cmake_target' from command line to 'None'
[5.962s] Level 5:colcon.colcon_core.verb:set package 'group1_gp1' build argument 'cmake_target_skip_unavailable' from command line to 'False'
[5.963s] Level 5:colcon.colcon_core.verb:set package 'group1_gp1' build argument 'cmake_clean_cache' from command line to 'False'
[5.963s] Level 5:colcon.colcon_core.verb:set package 'group1_gp1' build argument 'cmake_clean_first' from command line to 'False'
[5.963s] Level 5:colcon.colcon_core.verb:set package 'group1_gp1' build argument 'cmake_force_configure' from command line to 'False'
[5.963s] Level 5:colcon.colcon_core.verb:set package 'group1_gp1' build argument 'ament_cmake_args' from command line to 'None'
[5.963s] Level 5:colcon.colcon_core.verb:set package 'group1_gp1' build argument 'catkin_cmake_args' from command line to 'None'
[5.963s] Level 5:colcon.colcon_core.verb:set package 'group1_gp1' build argument 'catkin_skip_building_tests' from command line to 'False'
[5.963s] DEBUG:colcon.colcon_core.verb:Building package 'group1_gp1' with the following arguments: {'ament_cmake_args': None, 'build_base': '/home/kdeguzma/Documents/group1_gp1/build/group1_gp1', 'catkin_cmake_args': None, 'catkin_skip_building_tests': False, 'cmake_args': None, 'cmake_clean_cache': False, 'cmake_clean_first': False, 'cmake_force_configure': False, 'cmake_target': None, 'cmake_target_skip_unavailable': False, 'install_base': '/home/kdeguzma/Documents/group1_gp1/install/group1_gp1', 'merge_install': False, 'path': '/home/kdeguzma/Documents/group1_gp1', 'symlink_install': False, 'test_result_base': None}
[5.963s] INFO:colcon.colcon_core.executor:Executing jobs using 'parallel' executor
[5.964s] DEBUG:colcon.colcon_parallel_executor.executor.parallel:run_until_complete
[5.964s] INFO:colcon.colcon_ros.task.ament_python.build:Building ROS package in '/home/kdeguzma/Documents/group1_gp1' with build type 'ament_python'
[5.964s] Level 1:colcon.colcon_core.shell:create_environment_hook('group1_gp1', 'ament_prefix_path')
[5.968s] INFO:colcon.colcon_core.plugin_system:Skipping extension 'colcon_core.shell.bat': Not used on non-Windows systems
[5.968s] INFO:colcon.colcon_core.shell:Creating environment hook '/home/kdeguzma/Documents/group1_gp1/install/group1_gp1/share/group1_gp1/hook/ament_prefix_path.ps1'
[5.969s] INFO:colcon.colcon_core.shell:Creating environment descriptor '/home/kdeguzma/Documents/group1_gp1/install/group1_gp1/share/group1_gp1/hook/ament_prefix_path.dsv'
[5.970s] INFO:colcon.colcon_core.shell:Creating environment hook '/home/kdeguzma/Documents/group1_gp1/install/group1_gp1/share/group1_gp1/hook/ament_prefix_path.sh'
[5.971s] INFO:colcon.colcon_core.shell:Skip shell extension 'powershell' for command environment: Not usable outside of PowerShell
[5.971s] DEBUG:colcon.colcon_core.shell:Skip shell extension 'dsv' for command environment
[6.213s] INFO:colcon.colcon_core.task.python.build:Building Python package in '/home/kdeguzma/Documents/group1_gp1'
[6.213s] INFO:colcon.colcon_core.shell:Skip shell extension 'powershell' for command environment: Not usable outside of PowerShell
[6.213s] DEBUG:colcon.colcon_core.shell:Skip shell extension 'dsv' for command environment
[6.961s] DEBUG:colcon.colcon_core.event_handler.log_command:Invoking command in '/home/kdeguzma/Documents/group1_gp1': DEBUGINFOD_URLS=https://debuginfod.ubuntu.com PYTHONPATH=/home/kdeguzma/Documents/group1_gp1/build/group1_gp1/prefix_override:/usr/lib/python3/dist-packages/colcon_core/task/python/colcon_distutils_commands:/home/kdeguzma/Documents/group1_gp1/install/group1_gp1/lib/python3.12/site-packages:${PYTHONPATH} /usr/bin/python3 -W ignore:setup.py install is deprecated -W ignore:easy_install command is deprecated setup.py egg_info --egg-base build/group1_gp1 build --build-base /home/kdeguzma/Documents/group1_gp1/build/group1_gp1/build install --record /home/kdeguzma/Documents/group1_gp1/build/group1_gp1/install.log --single-version-externally-managed install_data
[7.636s] DEBUG:colcon.colcon_core.event_handler.log_command:Invoked command in '/home/kdeguzma/Documents/group1_gp1' returned '0': DEBUGINFOD_URLS=https://debuginfod.ubuntu.com PYTHONPATH=/home/kdeguzma/Documents/group1_gp1/build/group1_gp1/prefix_override:/usr/lib/python3/dist-packages/colcon_core/task/python/colcon_distutils_commands:/home/kdeguzma/Documents/group1_gp1/install/group1_gp1/lib/python3.12/site-packages:${PYTHONPATH} /usr/bin/python3 -W ignore:setup.py install is deprecated -W ignore:easy_install command is deprecated setup.py egg_info --egg-base build/group1_gp1 build --build-base /home/kdeguzma/Documents/group1_gp1/build/group1_gp1/build install --record /home/kdeguzma/Documents/group1_gp1/build/group1_gp1/install.log --single-version-externally-managed install_data
[7.640s] Level 1:colcon.colcon_core.environment:checking '/home/kdeguzma/Documents/group1_gp1/install/group1_gp1' for CMake module files
[7.640s] Level 1:colcon.colcon_core.environment:checking '/home/kdeguzma/Documents/group1_gp1/install/group1_gp1' for CMake config files
[7.641s] Level 1:colcon.colcon_core.environment:checking '/home/kdeguzma/Documents/group1_gp1/install/group1_gp1/lib'
[7.641s] Level 1:colcon.colcon_core.environment:checking '/home/kdeguzma/Documents/group1_gp1/install/group1_gp1/bin'
[7.641s] Level 1:colcon.colcon_core.environment:checking '/home/kdeguzma/Documents/group1_gp1/install/group1_gp1/lib/pkgconfig/group1_gp1.pc'
[7.641s] Level 1:colcon.colcon_core.environment:checking '/home/kdeguzma/Documents/group1_gp1/install/group1_gp1/lib/python3.12/site-packages'
[7.641s] Level 1:colcon.colcon_core.shell:create_environment_hook('group1_gp1', 'pythonpath')
[7.641s] INFO:colcon.colcon_core.shell:Creating environment hook '/home/kdeguzma/Documents/group1_gp1/install/group1_gp1/share/group1_gp1/hook/pythonpath.ps1'
[7.642s] INFO:colcon.colcon_core.shell:Creating environment descriptor '/home/kdeguzma/Documents/group1_gp1/install/group1_gp1/share/group1_gp1/hook/pythonpath.dsv'
[7.642s] INFO:colcon.colcon_core.shell:Creating environment hook '/home/kdeguzma/Documents/group1_gp1/install/group1_gp1/share/group1_gp1/hook/pythonpath.sh'
[7.643s] Level 1:colcon.colcon_core.environment:checking '/home/kdeguzma/Documents/group1_gp1/install/group1_gp1/bin'
[7.643s] Level 1:colcon.colcon_core.environment:create_environment_scripts_only(group1_gp1)
[7.643s] INFO:colcon.colcon_core.shell:Creating package script '/home/kdeguzma/Documents/group1_gp1/install/group1_gp1/share/group1_gp1/package.ps1'
[7.644s] INFO:colcon.colcon_core.shell:Creating package descriptor '/home/kdeguzma/Documents/group1_gp1/install/group1_gp1/share/group1_gp1/package.dsv'
[7.645s] INFO:colcon.colcon_core.shell:Creating package script '/home/kdeguzma/Documents/group1_gp1/install/group1_gp1/share/group1_gp1/package.sh'
[7.646s] INFO:colcon.colcon_core.shell:Creating package script '/home/kdeguzma/Documents/group1_gp1/install/group1_gp1/share/group1_gp1/package.bash'
[7.647s] INFO:colcon.colcon_core.shell:Creating package script '/home/kdeguzma/Documents/group1_gp1/install/group1_gp1/share/group1_gp1/package.zsh'
[7.648s] Level 1:colcon.colcon_core.environment:create_file_with_runtime_dependencies(/home/kdeguzma/Documents/group1_gp1/install/group1_gp1/share/colcon-core/packages/group1_gp1)
[7.648s] DEBUG:colcon.colcon_parallel_executor.executor.parallel:closing loop
[7.649s] DEBUG:colcon.colcon_parallel_executor.executor.parallel:loop closed
[7.649s] DEBUG:colcon.colcon_parallel_executor.executor.parallel:run_until_complete finished with '0'
[7.649s] DEBUG:colcon.colcon_core.event_reactor:joining thread
[7.671s] INFO:colcon.colcon_core.plugin_system:Skipping extension 'colcon_notification.desktop_notification.terminal_notifier': Not used on non-Darwin systems
[7.671s] INFO:colcon.colcon_core.plugin_system:Skipping extension 'colcon_notification.desktop_notification.win32': Not used on non-Windows systems
[7.671s] INFO:colcon.colcon_notification.desktop_notification:Sending desktop notification using 'notify2'
[7.692s] DEBUG:colcon.colcon_core.event_reactor:joined thread
[7.693s] INFO:colcon.colcon_core.shell:Creating prefix script '/home/kdeguzma/Documents/group1_gp1/install/local_setup.ps1'
[7.694s] INFO:colcon.colcon_core.shell:Creating prefix util module '/home/kdeguzma/Documents/group1_gp1/install/_local_setup_util_ps1.py'
[7.696s] INFO:colcon.colcon_core.shell:Creating prefix chain script '/home/kdeguzma/Documents/group1_gp1/install/setup.ps1'
[7.698s] INFO:colcon.colcon_core.shell:Creating prefix script '/home/kdeguzma/Documents/group1_gp1/install/local_setup.sh'
[7.699s] INFO:colcon.colcon_core.shell:Creating prefix util module '/home/kdeguzma/Documents/group1_gp1/install/_local_setup_util_sh.py'
[7.700s] INFO:colcon.colcon_core.shell:Creating prefix chain script '/home/kdeguzma/Documents/group1_gp1/install/setup.sh'
[7.702s] INFO:colcon.colcon_core.shell:Creating prefix script '/home/kdeguzma/Documents/group1_gp1/install/local_setup.bash'
[7.710s] INFO:colcon.colcon_core.shell:Creating prefix chain script '/home/kdeguzma/Documents/group1_gp1/install/setup.bash'
[7.711s] INFO:colcon.colcon_core.shell:Creating prefix script '/home/kdeguzma/Documents/group1_gp1/install/local_setup.zsh'
[7.712s] INFO:colcon.colcon_core.shell:Creating prefix chain script '/home/kdeguzma/Documents/group1_gp1/install/setup.zsh'
