[0.996s] Invoking command in '/home/kdeguzma/Documents/group1_gp1': DEBUGINFOD_URLS=https://debuginfod.ubuntu.com PYTHONPATH=/home/kdeguzma/Documents/group1_gp1/build/group1_gp1/prefix_override:/usr/lib/python3/dist-packages/colcon_core/task/python/colcon_distutils_commands:/home/kdeguzma/Documents/group1_gp1/install/group1_gp1/lib/python3.12/site-packages:${PYTHONPATH} /usr/bin/python3 -W ignore:setup.py install is deprecated -W ignore:easy_install command is deprecated setup.py egg_info --egg-base build/group1_gp1 build --build-base /home/kdeguzma/Documents/group1_gp1/build/group1_gp1/build install --record /home/kdeguzma/Documents/group1_gp1/build/group1_gp1/install.log --single-version-externally-managed install_data
[1.317s] running egg_info
[1.343s] writing build/group1_gp1/group1_gp1.egg-info/PKG-INFO
[1.343s] writing dependency_links to build/group1_gp1/group1_gp1.egg-info/dependency_links.txt
[1.343s] writing entry points to build/group1_gp1/group1_gp1.egg-info/entry_points.txt
[1.344s] writing requirements to build/group1_gp1/group1_gp1.egg-info/requires.txt
[1.344s] writing top-level names to build/group1_gp1/group1_gp1.egg-info/top_level.txt
[1.396s] reading manifest file 'build/group1_gp1/group1_gp1.egg-info/SOURCES.txt'
[1.397s] writing manifest file 'build/group1_gp1/group1_gp1.egg-info/SOURCES.txt'
[1.397s] running build
[1.397s] running build_py
[1.397s] copying group1_gp1/dispatcher.py -> /home/kdeguzma/Documents/group1_gp1/build/group1_gp1/build/lib/group1_gp1
[1.397s] copying group1_gp1/robot_1.py -> /home/kdeguzma/Documents/group1_gp1/build/group1_gp1/build/lib/group1_gp1
[1.398s] running install
[1.404s] running install_lib
[1.432s] copying /home/kdeguzma/Documents/group1_gp1/build/group1_gp1/build/lib/group1_gp1/dispatcher.py -> /home/kdeguzma/Documents/group1_gp1/install/group1_gp1/lib/python3.12/site-packages/group1_gp1
[1.432s] copying /home/kdeguzma/Documents/group1_gp1/build/group1_gp1/build/lib/group1_gp1/robot_1.py -> /home/kdeguzma/Documents/group1_gp1/install/group1_gp1/lib/python3.12/site-packages/group1_gp1
[1.433s] byte-compiling /home/kdeguzma/Documents/group1_gp1/install/group1_gp1/lib/python3.12/site-packages/group1_gp1/dispatcher.py to dispatcher.cpython-312.pyc
[1.433s] byte-compiling /home/kdeguzma/Documents/group1_gp1/install/group1_gp1/lib/python3.12/site-packages/group1_gp1/robot_1.py to robot_1.cpython-312.pyc
[1.434s] running install_data
[1.435s] running install_egg_info
[1.462s] removing '/home/kdeguzma/Documents/group1_gp1/install/group1_gp1/lib/python3.12/site-packages/group1_gp1-1.0.0-py3.12.egg-info' (and everything under it)
[1.463s] Copying build/group1_gp1/group1_gp1.egg-info to /home/kdeguzma/Documents/group1_gp1/install/group1_gp1/lib/python3.12/site-packages/group1_gp1-1.0.0-py3.12.egg-info
[1.463s] running install_scripts
[1.638s] Installing debug_logger script to /home/kdeguzma/Documents/group1_gp1/install/group1_gp1/lib/group1_gp1
[1.639s] Installing dispatcher script to /home/kdeguzma/Documents/group1_gp1/install/group1_gp1/lib/group1_gp1
[1.639s] Installing monitor script to /home/kdeguzma/Documents/group1_gp1/install/group1_gp1/lib/group1_gp1
[1.639s] Installing robot_1 script to /home/kdeguzma/Documents/group1_gp1/install/group1_gp1/lib/group1_gp1
[1.639s] Installing robot_2 script to /home/kdeguzma/Documents/group1_gp1/install/group1_gp1/lib/group1_gp1
[1.639s] Installing robot_3 script to /home/kdeguzma/Documents/group1_gp1/install/group1_gp1/lib/group1_gp1
[1.640s] writing list of installed files to '/home/kdeguzma/Documents/group1_gp1/build/group1_gp1/install.log'
[1.671s] Invoked command in '/home/kdeguzma/Documents/group1_gp1' returned '0': DEBUGINFOD_URLS=https://debuginfod.ubuntu.com PYTHONPATH=/home/kdeguzma/Documents/group1_gp1/build/group1_gp1/prefix_override:/usr/lib/python3/dist-packages/colcon_core/task/python/colcon_distutils_commands:/home/kdeguzma/Documents/group1_gp1/install/group1_gp1/lib/python3.12/site-packages:${PYTHONPATH} /usr/bin/python3 -W ignore:setup.py install is deprecated -W ignore:easy_install command is deprecated setup.py egg_info --egg-base build/group1_gp1 build --build-base /home/kdeguzma/Documents/group1_gp1/build/group1_gp1/build install --record /home/kdeguzma/Documents/group1_gp1/build/group1_gp1/install.log --single-version-externally-managed install_data
