/home/vboxuser/enpm605_projects/group1_gp1/install/group1_gp1/lib/python3.12/site-packages/group1_gp1/monitor.py
/home/vboxuser/enpm605_projects/group1_gp1/install/group1_gp1/lib/python3.12/site-packages/group1_gp1/robot_1.py
/home/vboxuser/enpm605_projects/group1_gp1/install/group1_gp1/lib/python3.12/site-packages/group1_gp1/dispatcher.py
/home/vboxuser/enpm605_projects/group1_gp1/install/group1_gp1/lib/python3.12/site-packages/group1_gp1/debug_logger.py
/home/vboxuser/enpm605_projects/group1_gp1/install/group1_gp1/lib/python3.12/site-packages/group1_gp1/__init__.py
/home/vboxuser/enpm605_projects/group1_gp1/install/group1_gp1/lib/python3.12/site-packages/group1_gp1/mismatch_sub.py
/home/vboxuser/enpm605_projects/group1_gp1/install/group1_gp1/lib/python3.12/site-packages/group1_gp1/robot_2.py
/home/vboxuser/enpm605_projects/group1_gp1/install/group1_gp1/lib/python3.12/site-packages/group1_gp1/robot_3.py
/home/vboxuser/enpm605_projects/group1_gp1/install/group1_gp1/lib/python3.12/site-packages/scripts/main_debug_logger.py
/home/vboxuser/enpm605_projects/group1_gp1/install/group1_gp1/lib/python3.12/site-packages/scripts/main_dispatcher.py
/home/vboxuser/enpm605_projects/group1_gp1/install/group1_gp1/lib/python3.12/site-packages/scripts/__init__.py
/home/vboxuser/enpm605_projects/group1_gp1/install/group1_gp1/lib/python3.12/site-packages/scripts/main_mismatch_sub.py
/home/vboxuser/enpm605_projects/group1_gp1/install/group1_gp1/lib/python3.12/site-packages/scripts/main_robot_2.py
/home/vboxuser/enpm605_projects/group1_gp1/install/group1_gp1/lib/python3.12/site-packages/scripts/main_robot_3.py
/home/vboxuser/enpm605_projects/group1_gp1/install/group1_gp1/lib/python3.12/site-packages/scripts/main_monitor.py
/home/vboxuser/enpm605_projects/group1_gp1/install/group1_gp1/lib/python3.12/site-packages/scripts/main_robot_1.py
/home/vboxuser/enpm605_projects/group1_gp1/install/group1_gp1/lib/python3.12/site-packages/group1_gp1/__pycache__/monitor.cpython-312.pyc
/home/vboxuser/enpm605_projects/group1_gp1/install/group1_gp1/lib/python3.12/site-packages/group1_gp1/__pycache__/robot_1.cpython-312.pyc
/home/vboxuser/enpm605_projects/group1_gp1/install/group1_gp1/lib/python3.12/site-packages/group1_gp1/__pycache__/dispatcher.cpython-312.pyc
/home/vboxuser/enpm605_projects/group1_gp1/install/group1_gp1/lib/python3.12/site-packages/group1_gp1/__pycache__/debug_logger.cpython-312.pyc
/home/vboxuser/enpm605_projects/group1_gp1/install/group1_gp1/lib/python3.12/site-packages/group1_gp1/__pycache__/__init__.cpython-312.pyc
/home/vboxuser/enpm605_projects/group1_gp1/install/group1_gp1/lib/python3.12/site-packages/group1_gp1/__pycache__/mismatch_sub.cpython-312.pyc
/home/vboxuser/enpm605_projects/group1_gp1/install/group1_gp1/lib/python3.12/site-packages/group1_gp1/__pycache__/robot_2.cpython-312.pyc
/home/vboxuser/enpm605_projects/group1_gp1/install/group1_gp1/lib/python3.12/site-packages/group1_gp1/__pycache__/robot_3.cpython-312.pyc
/home/vboxuser/enpm605_projects/group1_gp1/install/group1_gp1/lib/python3.12/site-packages/scripts/__pycache__/main_debug_logger.cpython-312.pyc
/home/vboxuser/enpm605_projects/group1_gp1/install/group1_gp1/lib/python3.12/site-packages/scripts/__pycache__/main_dispatcher.cpython-312.pyc
/home/vboxuser/enpm605_projects/group1_gp1/install/group1_gp1/lib/python3.12/site-packages/scripts/__pycache__/__init__.cpython-312.pyc
/home/vboxuser/enpm605_projects/group1_gp1/install/group1_gp1/lib/python3.12/site-packages/scripts/__pycache__/main_mismatch_sub.cpython-312.pyc
/home/vboxuser/enpm605_projects/group1_gp1/install/group1_gp1/lib/python3.12/site-packages/scripts/__pycache__/main_robot_2.cpython-312.pyc
/home/vboxuser/enpm605_projects/group1_gp1/install/group1_gp1/lib/python3.12/site-packages/scripts/__pycache__/main_robot_3.cpython-312.pyc
/home/vboxuser/enpm605_projects/group1_gp1/install/group1_gp1/lib/python3.12/site-packages/scripts/__pycache__/main_monitor.cpython-312.pyc
/home/vboxuser/enpm605_projects/group1_gp1/install/group1_gp1/lib/python3.12/site-packages/scripts/__pycache__/main_robot_1.cpython-312.pyc
/home/vboxuser/enpm605_projects/group1_gp1/install/group1_gp1/share/ament_index/resource_index/packages/group1_gp1
/home/vboxuser/enpm605_projects/group1_gp1/install/group1_gp1/share/group1_gp1/package.xml
/home/vboxuser/enpm605_projects/group1_gp1/install/group1_gp1/share/group1_gp1/launch/system.launch.py
/home/vboxuser/enpm605_projects/group1_gp1/install/group1_gp1/lib/python3.12/site-packages/group1_gp1-1.0.0-py3.12.egg-info/dependency_links.txt
/home/vboxuser/enpm605_projects/group1_gp1/install/group1_gp1/lib/python3.12/site-packages/group1_gp1-1.0.0-py3.12.egg-info/SOURCES.txt
/home/vboxuser/enpm605_projects/group1_gp1/install/group1_gp1/lib/python3.12/site-packages/group1_gp1-1.0.0-py3.12.egg-info/requires.txt
/home/vboxuser/enpm605_projects/group1_gp1/install/group1_gp1/lib/python3.12/site-packages/group1_gp1-1.0.0-py3.12.egg-info/PKG-INFO
/home/vboxuser/enpm605_projects/group1_gp1/install/group1_gp1/lib/python3.12/site-packages/group1_gp1-1.0.0-py3.12.egg-info/top_level.txt
/home/vboxuser/enpm605_projects/group1_gp1/install/group1_gp1/lib/python3.12/site-packages/group1_gp1-1.0.0-py3.12.egg-info/entry_points.txt
/home/vboxuser/enpm605_projects/group1_gp1/install/group1_gp1/lib/python3.12/site-packages/group1_gp1-1.0.0-py3.12.egg-info/zip-safe
/home/vboxuser/enpm605_projects/group1_gp1/install/group1_gp1/lib/group1_gp1/debug_logger
/home/vboxuser/enpm605_projects/group1_gp1/install/group1_gp1/lib/group1_gp1/dispatcher
/home/vboxuser/enpm605_projects/group1_gp1/install/group1_gp1/lib/group1_gp1/mismatch_sub
/home/vboxuser/enpm605_projects/group1_gp1/install/group1_gp1/lib/group1_gp1/monitor
/home/vboxuser/enpm605_projects/group1_gp1/install/group1_gp1/lib/group1_gp1/robot_1
/home/vboxuser/enpm605_projects/group1_gp1/install/group1_gp1/lib/group1_gp1/robot_2
/home/vboxuser/enpm605_projects/group1_gp1/install/group1_gp1/lib/group1_gp1/robot_3
